Build started 18/03/2015 10:30:54 PM.
     1>Project "L:\Git Repos\Angin\Angin\StandardLib\StandardLib.vcxproj" on node 2 (Build target(s)).
     1>ClCompile:
         C:\Program Files (x86)\Microsoft Visual Studio 12.0\VC\bin\x86_amd64\CL.exe /c /Zi /nologo /Wall /WX /Od /D WIN32 /D _DEBUG /D _DLL /D STANDARD_EXPORTS /D _WINDLL /D _UNICODE /D UNICODE /Gm /EHsc /RTC1 /MDd /GS /fp:precise /Zc:wchar_t /Zc:forScope /Fo"x64\Space_d\\" /Fd"x64\Space_d\vc120.pdb" /Gd /TP /errorReport:prompt source\String.cpp
         String.cpp
     1>l:\git repos\angin\angin\standardlib\source\String.h(52): error C2220: warning treated as error - no 'object' file generated
     1>l:\git repos\angin\angin\standardlib\source\String.h(52): warning C4820: 'String' : '4' bytes padding added after data member 'String::m_length'
     1>Done Building Project "L:\Git Repos\Angin\Angin\StandardLib\StandardLib.vcxproj" (Build target(s)) -- FAILED.

Build FAILED.

Time Elapsed 00:00:00.09
