Build started 18/03/2015 10:13:41 PM.
     1>Project "L:\Git Repos\Angin\Angin\UnitTesting\UnitTesting\UnitTesting.vcxproj" on node 2 (Build target(s)).
     1>Link:
         C:\Program Files (x86)\Microsoft Visual Studio 12.0\VC\bin\x86_amd64\link.exe /ERRORREPORT:PROMPT /OUT:"L:\Git Repos\Angin\Angin\x64\Space\UnitTesting.dll" /INCREMENTAL /NOLOGO /LIBPATH:"C:\Program Files (x86)\Microsoft Visual Studio 12.0\VC\UnitTest\lib" kernel32.lib user32.lib gdi32.lib winspool.lib comdlg32.lib advapi32.lib shell32.lib ole32.lib oleaut32.lib uuid.lib odbc32.lib odbccp32.lib /MANIFEST /MANIFESTUAC:"level='asInvoker' uiAccess='false'" /manifest:embed /DEBUG /PDB:"L:\Git Repos\Angin\Angin\x64\Space\UnitTesting.pdb" /SUBSYSTEM:WINDOWS /OPT:REF /OPT:ICF /LTCG /TLBID:1 /DYNAMICBASE /NXCOMPAT /IMPLIB:"L:\Git Repos\Angin\Angin\x64\Space\UnitTesting.lib" /MACHINE:X64 /DLL x64\Space\stdafx.obj
         x64\Space\unittest1.obj
         "L:\Git Repos\Angin\Angin\x64\Space\StandardLib.lib"
     1>LINK : warning LNK4075: ignoring '/INCREMENTAL' due to '/LTCG' specification
            Creating library L:\Git Repos\Angin\Angin\x64\Space\UnitTesting.lib and object L:\Git Repos\Angin\Angin\x64\Space\UnitTesting.exp
     1>unittest1.obj : error LNK2001: unresolved external symbol "__declspec(dllimport) public: __cdecl String::String(void)" (__imp_??0String@@QEAA@XZ)
     1>unittest1.obj : error LNK2001: unresolved external symbol "__declspec(dllimport) public: __cdecl String::~String(void)" (__imp_??1String@@QEAA@XZ)
     1>unittest1.obj : error LNK2001: unresolved external symbol "__declspec(dllimport) public: char * __cdecl String::GetString(void)const " (__imp_?GetString@String@@QEBAPEADXZ)
     1>unittest1.obj : error LNK2001: unresolved external symbol "__declspec(dllimport) public: __cdecl String::String(char *)" (__imp_??0String@@QEAA@PEAD@Z)
     1>unittest1.obj : error LNK2001: unresolved external symbol "__declspec(dllimport) public: unsigned int const __cdecl String::GetLength(void)const " (__imp_?GetLength@String@@QEBA?BIXZ)
     1>unittest1.obj : error LNK2001: unresolved external symbol "__declspec(dllimport) public: void __cdecl String::SetString(char const *)" (__imp_?SetString@String@@QEAAXPEBD@Z)
     1>unittest1.obj : error LNK2001: unresolved external symbol "__declspec(dllimport) public: __cdecl String::String(class String const &)" (__imp_??0String@@QEAA@AEBV0@@Z)
     1>unittest1.obj : error LNK2001: unresolved external symbol "__declspec(dllimport) public: bool __cdecl String::operator==(class String const &)" (__imp_??8String@@QEAA_NAEBV0@@Z)
     1>unittest1.obj : error LNK2001: unresolved external symbol "__declspec(dllimport) public: class String __cdecl String::operator+(class String const &)const " (__imp_??HString@@QEBA?AV0@AEBV0@@Z)
     1>unittest1.obj : error LNK2001: unresolved external symbol "__declspec(dllimport) public: class String & __cdecl String::operator=(class String &&)" (__imp_??4String@@QEAAAEAV0@$$QEAV0@@Z)
     1>unittest1.obj : error LNK2001: unresolved external symbol "__declspec(dllimport) public: class String & __cdecl String::operator+=(class String const &)" (__imp_??YString@@QEAAAEAV0@AEBV0@@Z)
     1>unittest1.obj : error LNK2001: unresolved external symbol "__declspec(dllimport) public: bool __cdecl String::operator!=(class String const &)" (__imp_??9String@@QEAA_NAEBV0@@Z)
     1>L:\Git Repos\Angin\Angin\x64\Space\UnitTesting.dll : fatal error LNK1120: 12 unresolved externals
     1>Done Building Project "L:\Git Repos\Angin\Angin\UnitTesting\UnitTesting\UnitTesting.vcxproj" (Build target(s)) -- FAILED.

Build FAILED.

Time Elapsed 00:00:00.17
