Build started 18/03/2015 10:18:41 PM.
     1>Project "L:\Git Repos\Angin\Angin\Angin\Angin.vcxproj" on node 2 (Build target(s)).
     1>ClCompile:
         C:\Program Files (x86)\Microsoft Visual Studio 12.0\VC\bin\x86_amd64\CL.exe /c /I"L:\Git Repos\Angin\Angin\Angin\include" /Zi /nologo /W3 /WX- /O2 /Oi /GL /D WIN32 /D NDEBUG /D _LIB /D _UNICODE /D UNICODE /Gm- /EHsc /MD /GS /Gy /fp:precise /Zc:wchar_t /Zc:forScope /Fo"x64\Space\\" /Fd"x64\Space\vc120.pdb" /Gd /TP /errorReport:prompt source\main.cpp source\Space.cpp
         main.cpp
         Space.cpp
     1>L:\Git Repos\Angin\Angin\Angin\include\Space.h(4): warning C4005: 'BeginGame' : macro redefinition
                 l:\git repos\angin\angin\angin\include\Game.h(3) : see previous definition of 'BeginGame'
     1>L:\Git Repos\Angin\Angin\Angin\include\Space.h(5): warning C4005: 'Run' : macro redefinition
                 l:\git repos\angin\angin\angin\include\Game.h(4) : see previous definition of 'Run'
     1>L:\Git Repos\Angin\Angin\Angin\include\Space.h(6): warning C4005: 'EndGame' : macro redefinition
                 l:\git repos\angin\angin\angin\include\Game.h(5) : see previous definition of 'EndGame'
       Link:
         C:\Program Files (x86)\Microsoft Visual Studio 12.0\VC\bin\x86_amd64\link.exe /ERRORREPORT:PROMPT /OUT:"L:\Git Repos\Angin\Angin\x64\Space\Angin.exe" /NOLOGO kernel32.lib user32.lib gdi32.lib winspool.lib comdlg32.lib advapi32.lib shell32.lib ole32.lib oleaut32.lib uuid.lib odbc32.lib odbccp32.lib /MANIFEST /MANIFESTUAC:"level='asInvoker' uiAccess='false'" /manifest:embed /DEBUG /PDB:"L:\Git Repos\Angin\Angin\x64\Space\Angin.pdb" /SUBSYSTEM:WINDOWS /OPT:REF /OPT:ICF /LTCG /TLBID:1 /DYNAMICBASE /NXCOMPAT /IMPLIB:"L:\Git Repos\Angin\Angin\x64\Space\Angin.lib" /MACHINE:X64 x64\Space\main.obj
         x64\Space\Space.obj
     1>MSVCRT.lib(crtexew.obj) : error LNK2001: unresolved external symbol WinMain
     1>L:\Git Repos\Angin\Angin\x64\Space\Angin.exe : fatal error LNK1120: 1 unresolved externals
     1>Done Building Project "L:\Git Repos\Angin\Angin\Angin\Angin.vcxproj" (Build target(s)) -- FAILED.

Build FAILED.

Time Elapsed 00:00:00.24
